Vivado Simulator 2019.2
Copyright 1986-1999, 2001-2019 Xilinx, Inc. All Rights Reserved.
Running: D:/xlinx/Vivado/2019.2/bin/unwrapped/win64.o/xelab.exe -wto b35d37c62f0b4c22b54f9f35bffab06e --incr --debug typical --relax --mt 2 -L xil_defaultlib -L xbip_utils_v3_0_10 -L c_reg_fd_v12_0_6 -L c_mux_bit_v12_0_6 -L c_shift_ram_v12_0_14 -L fifo_generator_v13_2_5 -L unisims_ver -L unimacro_ver -L secureip -L xpm --snapshot e203_tb_top_behav xil_defaultlib.e203_tb_top xil_defaultlib.glbl -log elaborate.log 
Using 2 slave threads.
Starting static elaboration
Pass Through NonSizing Optimizer
WARNING: [VRFC 10-3091] actual bit length 32 differs from formal bit length 1 for port 'gshare_prsuccessbutnotupdate_i' [E:/VMshare/e203/script/jichuang/jichuang.srcs/sources_1/imports/fpga/core/e203_ifu_ifetch.v:466]
WARNING: [VRFC 10-3091] actual bit length 32 differs from formal bit length 11 for port 'axi_rdata' [E:/VMshare/e203/script/jichuang/jichuang.srcs/sources_1/imports/fpga/subsys/e203_subsys_perips.v:1963]
WARNING: [VRFC 10-3091] actual bit length 11 differs from formal bit length 13 for port 'cmos_h_pixel' [E:/VMshare/e203/script/jichuang/jichuang.srcs/sources_1/imports/new/ov5640_ddr_hdmi.v:128]
WARNING: [VRFC 10-3091] actual bit length 11 differs from formal bit length 13 for port 'cmos_v_pixel' [E:/VMshare/e203/script/jichuang/jichuang.srcs/sources_1/imports/new/ov5640_ddr_hdmi.v:129]
WARNING: [VRFC 10-3091] actual bit length 12 differs from formal bit length 13 for port 'total_h_pixel' [E:/VMshare/e203/script/jichuang/jichuang.srcs/sources_1/imports/new/ov5640_ddr_hdmi.v:130]
WARNING: [VRFC 10-3091] actual bit length 12 differs from formal bit length 13 for port 'total_v_pixel' [E:/VMshare/e203/script/jichuang/jichuang.srcs/sources_1/imports/new/ov5640_ddr_hdmi.v:131]
WARNING: [VRFC 10-3091] actual bit length 11 differs from formal bit length 28 for port 'app_addr_rd_max' [E:/VMshare/e203/script/jichuang/jichuang.srcs/sources_1/imports/new/ov5640_ddr_hdmi.v:173]
WARNING: [VRFC 10-3091] actual bit length 11 differs from formal bit length 28 for port 'app_addr_wr_max' [E:/VMshare/e203/script/jichuang/jichuang.srcs/sources_1/imports/new/ov5640_ddr_hdmi.v:176]
WARNING: [VRFC 10-3091] actual bit length 12 differs from formal bit length 8 for port 'pi_dqs_found_lanes' [E:/VMshare/e203/script/jichuang/jichuang.srcs/sources_1/ip/mig_7series_0/mig_7series_0/user_design/rtl/phy/mig_7series_v4_2_ddr_mc_phy_wrapper.v:1671]
WARNING: [VRFC 10-3091] actual bit length 12 differs from formal bit length 8 for port 'pi_phase_locked_lanes' [E:/VMshare/e203/script/jichuang/jichuang.srcs/sources_1/ip/mig_7series_0/mig_7series_0/user_design/rtl/phy/mig_7series_v4_2_ddr_mc_phy_wrapper.v:1679]
WARNING: [VRFC 10-3091] actual bit length 12 differs from formal bit length 8 for port 'pi_dqs_found_lanes' [E:/VMshare/e203/script/jichuang/jichuang.srcs/sources_1/ip/mig_7series_0/mig_7series_0/user_design/rtl/phy/mig_7series_v4_2_ddr_phy_top.v:1340]
WARNING: [VRFC 10-3091] actual bit length 11 differs from formal bit length 9 for port 'wr_data_count' [E:/VMshare/e203/script/jichuang/jichuang.srcs/sources_1/imports/new/ddr3_rw/ddr3_fifo_ctrl.v:198]
WARNING: [VRFC 10-3091] actual bit length 11 differs from formal bit length 9 for port 'rd_data_count' [E:/VMshare/e203/script/jichuang/jichuang.srcs/sources_1/imports/new/ddr3_rw/ddr3_fifo_ctrl.v:213]
WARNING: [VRFC 10-3091] actual bit length 13 differs from formal bit length 11 for port 'h_disp' [E:/VMshare/e203/script/jichuang/jichuang.srcs/sources_1/imports/new/ov5640_ddr_hdmi.v:285]
WARNING: [VRFC 10-3091] actual bit length 13 differs from formal bit length 11 for port 'v_disp' [E:/VMshare/e203/script/jichuang/jichuang.srcs/sources_1/imports/new/ov5640_ddr_hdmi.v:286]
WARNING: [VRFC 10-5021] port 'sys_clk' is not connected on this instance [E:/VMshare/e203/script/jichuang/jichuang.srcs/sim_1/imports/e203/fpga/e203_tb_top.v:309]
WARNING: [VRFC 10-5021] port 'complex_oclk_prech_req' is not connected on this instance [E:/VMshare/e203/script/jichuang/jichuang.srcs/sources_1/ip/mig_7series_0/mig_7series_0/user_design/rtl/phy/mig_7series_v4_2_ddr_calib_top.v:1318]
Completed static elaboration
Starting simulation data flow analysis
Completed simulation data flow analysis
Time Resolution for simulation is 1fs
Compiling package std.standard
Compiling package std.textio
Compiling package ieee.std_logic_1164
Compiling package ieee.numeric_std
Compiling package xbip_utils_v3_0_10.xbip_utils_v3_0_10_pkg
Compiling package c_shift_ram_v12_0_14.c_shift_ram_v12_0_14_viv_comp
Compiling package c_shift_ram_v12_0_14.c_shift_ram_v12_0_14_pkg
Compiling package c_mux_bit_v12_0_6.c_mux_bit_v12_0_6_viv_comp
Compiling package c_reg_fd_v12_0_6.c_reg_fd_v12_0_6_viv_comp
Compiling module xil_defaultlib.sirv_AsyncResetReg
Compiling module xil_defaultlib.sirv_AsyncResetRegVec_129
Compiling module xil_defaultlib.sirv_ResetCatchAndSync_2
Compiling module xil_defaultlib.e203_subsys_pll
Compiling module xil_defaultlib.e203_subsys_hclkgen_rstsync
Compiling module xil_defaultlib.sirv_gnrl_dfflr(DW=6)
Compiling module xil_defaultlib.sirv_gnrl_dfflr(DW=1)
Compiling module xil_defaultlib.e203_clkgate
Compiling module xil_defaultlib.e203_subsys_pllclkdiv
Compiling module xil_defaultlib.e203_subsys_gfcm
Compiling module xil_defaultlib.e203_subsys_hclkgen
Compiling module xil_defaultlib.e203_reset_ctrl_default
Compiling module xil_defaultlib.sirv_gnrl_dffr(DW=1)
Compiling module xil_defaultlib.e203_clk_ctrl
Compiling module xil_defaultlib.sirv_gnrl_sync(DW=1)
Compiling module xil_defaultlib.e203_irq_sync_default
Compiling module xil_defaultlib.sbox_lut
Compiling module xil_defaultlib.encdec_T
Compiling module xil_defaultlib.encdec_flow
Compiling module xil_defaultlib.sm4_encdec
Compiling module xil_defaultlib.cki_lut
Compiling module xil_defaultlib.key_exp_T
Compiling module xil_defaultlib.key_exp_flow
Compiling module xil_defaultlib.get_keyi
Compiling module xil_defaultlib.sm4_top
Compiling module xil_defaultlib.sirv_gnrl_dfflr(DW=3)
Compiling module xil_defaultlib.sirv_gnrl_dfflr(DW=2)
Compiling module xil_defaultlib.sirv_gnrl_dfflr
Compiling module xil_defaultlib.e203_subsys_nice_core_default
Compiling module xil_defaultlib.sirv_gnrl_dffrs(DW=1)
Compiling module xil_defaultlib.sirv_gnrl_dfflr(DW=16)
Compiling module xil_defaultlib.sirv_gnrl_dfflr(DW=13)
Compiling module xil_defaultlib.sirv_gnrl_dfflr(DW=5)
Compiling module xil_defaultlib.e203_exu_decode
Compiling module xil_defaultlib.e203_ifu_minidec
Compiling module xil_defaultlib.ysyx_22050058_pht
Compiling module xil_defaultlib.ysyx_22050058_gshare
Compiling module xil_defaultlib.ysyx_22050058_btb
Compiling module xil_defaultlib.ysyx_22050058_ras
Compiling module xil_defaultlib.ysyx_22050058_bpu
Compiling module xil_defaultlib.e203_ifu_litebpu
Compiling module xil_defaultlib.e203_ifu_ifetch
Compiling module xil_defaultlib.sirv_gnrl_dfflrs(DW=1)
Compiling module xil_defaultlib.sirv_gnrl_dffl(DW=33)
Compiling module xil_defaultlib.sirv_gnrl_fifo(CUT_READY=1,DP=1,...
Compiling module xil_defaultlib.sirv_gnrl_bypbuf(DP=1,DW=33)
Compiling module xil_defaultlib.sirv_gnrl_dffl(DW=2)
Compiling module xil_defaultlib.sirv_gnrl_dffl(DW=16)
Compiling module xil_defaultlib.e203_ifu_ift2icb
Compiling module xil_defaultlib.e203_ifu
Compiling module xil_defaultlib.sirv_gnrl_dffl
Compiling module xil_defaultlib.e203_exu_regfile_default
Compiling module xil_defaultlib.e203_exu_disp
Compiling module xil_defaultlib.sirv_gnrl_dffl(DW=5)
Compiling module xil_defaultlib.sirv_gnrl_dffl(DW=1)
Compiling module xil_defaultlib.e203_exu_oitf_default
Compiling module xil_defaultlib.sirv_gnrl_dfflr(DW=4)
Compiling module xil_defaultlib.sirv_gnrl_fifo(CUT_READY=1,DP=4,...
Compiling module xil_defaultlib.e203_exu_nice
Compiling module xil_defaultlib.e203_exu_alu_csrctrl
Compiling module xil_defaultlib.e203_exu_alu_bjp
Compiling module xil_defaultlib.e203_exu_alu_lsuagu
Compiling module xil_defaultlib.e203_exu_alu_rglr
Compiling module xil_defaultlib.e203_exu_alu_muldiv
Compiling module xil_defaultlib.e203_exu_alu_dpath
Compiling module xil_defaultlib.e203_exu_alu
Compiling module xil_defaultlib.e203_exu_longpwbck
Compiling module xil_defaultlib.e203_exu_wbck
Compiling module xil_defaultlib.e203_exu_branchslv
Compiling module xil_defaultlib.e203_exu_excp
Compiling module xil_defaultlib.e203_exu_commit
Compiling module xil_defaultlib.e203_exu_csr
Compiling module xil_defaultlib.e203_exu
Compiling module xil_defaultlib.sirv_gnrl_pipe_stage(DW=1)
Compiling module xil_defaultlib.sirv_gnrl_icb_arbt(DW=32,USR_W=4...
Compiling module xil_defaultlib.sirv_gnrl_dffl(DW=45)
Compiling module xil_defaultlib.sirv_gnrl_pipe_stage(DW=45)
Compiling module xil_defaultlib.e203_lsu_ctrl_default
Compiling module xil_defaultlib.e203_lsu
Compiling module xil_defaultlib.sirv_gnrl_pipe_stage(CUT_READY=1...
Compiling module xil_defaultlib.sirv_gnrl_icb_arbt(DW=32,FIFO_CU...
Compiling module xil_defaultlib.sirv_gnrl_dffl(DW=78)
Compiling module xil_defaultlib.sirv_gnrl_fifo(CUT_READY=1,DP=1,...
Compiling module xil_defaultlib.sirv_gnrl_dffl(DW=35)
Compiling module xil_defaultlib.sirv_gnrl_fifo(CUT_READY=1,DP=1,...
Compiling module xil_defaultlib.sirv_gnrl_icb_buffer(CMD_CUT_REA...
Compiling module xil_defaultlib.sirv_gnrl_dffl(DW=6)
Compiling module xil_defaultlib.sirv_gnrl_pipe_stage(CUT_READY=1...
Compiling module xil_defaultlib.sirv_gnrl_icb_splt(DW=32,FIFO_OU...
Compiling module xil_defaultlib.e203_biu_default
Compiling module xil_defaultlib.e203_core
Compiling module xil_defaultlib.sirv_gnrl_icb_n2w(AW=18,FIFO_OUT...
Compiling module xil_defaultlib.sirv_gnrl_icb_arbt(AW=18,ARBT_NU...
Compiling module xil_defaultlib.sirv_gnrl_dffl(DW=93)
Compiling module xil_defaultlib.sirv_gnrl_fifo(CUT_READY=1,DP=1,...
Compiling module xil_defaultlib.sirv_gnrl_bypbuf(DP=1,DW=93)
Compiling module xil_defaultlib.sirv_gnrl_pipe_stage(DW=2)
Compiling module xil_defaultlib.sirv_1cyc_sram_ctrl(DW=64,MW=8,A...
Compiling module xil_defaultlib.sirv_sram_icb_ctrl(DW=64,MW=8,AW...
Compiling module xil_defaultlib.e203_itcm_ctrl
Compiling module xil_defaultlib.sirv_gnrl_icb_arbt(AW=16,DW=32,A...
Compiling module xil_defaultlib.sirv_gnrl_dffl(DW=54)
Compiling module xil_defaultlib.sirv_gnrl_fifo(CUT_READY=1,DP=1,...
Compiling module xil_defaultlib.sirv_gnrl_bypbuf(DP=1,DW=54)
Compiling module xil_defaultlib.sirv_1cyc_sram_ctrl(AW=16,AW_LSB...
Compiling module xil_defaultlib.sirv_sram_icb_ctrl(AW=16,AW_LSB=...
Compiling module xil_defaultlib.e203_dtcm_ctrl
Compiling module xil_defaultlib.e203_cpu
Compiling module xil_defaultlib.sirv_sim_ram(DP=32768,FORCE_X2ZE...
Compiling module xil_defaultlib.sirv_gnrl_ram(DP=32768,DW=64,MW=...
Compiling module xil_defaultlib.e203_itcm_ram
Compiling module xil_defaultlib.sirv_sim_ram(DP=16384,FORCE_X2ZE...
Compiling module xil_defaultlib.sirv_gnrl_ram(DP=16384,AW=14)
Compiling module xil_defaultlib.e203_dtcm_ram
Compiling module xil_defaultlib.e203_srams
Compiling module xil_defaultlib.e203_cpu_top
Compiling module xil_defaultlib.sirv_gnrl_dffr(DW=17)
Compiling module xil_defaultlib.sirv_gnrl_dffr(DW=6)
Compiling module xil_defaultlib.sirv_gnrl_dffr(DW=3)
Compiling module xil_defaultlib.sirv_LevelGateway
Compiling module xil_defaultlib.sirv_gnrl_pipe_stage(CUT_READY=1...
Compiling module xil_defaultlib.sirv_plic_man(PLIC_IRQ_NUM=17,PL...
Compiling module xil_defaultlib.sirv_plic_top
Compiling module xil_defaultlib.e203_subsys_plic
Compiling module xil_defaultlib.sirv_clint
Compiling module xil_defaultlib.sirv_clint_top
Compiling module xil_defaultlib.e203_subsys_clint
Compiling module xil_defaultlib.sirv_gnrl_fifo(CUT_READY=1,DP=2,...
Compiling module xil_defaultlib.sirv_gnrl_fifo(CUT_READY=1,DP=2,...
Compiling module xil_defaultlib.sirv_gnrl_icb_buffer(CMD_CUT_REA...
Compiling module xil_defaultlib.sirv_gnrl_dffl(DW=17)
Compiling module xil_defaultlib.sirv_gnrl_pipe_stage(CUT_READY=1...
Compiling module xil_defaultlib.sirv_gnrl_icb_splt(DW=32,FIFO_OU...
Compiling module xil_defaultlib.sirv_icb1to16_bus(ICB_FIFO_DP=2,...
Compiling module xil_defaultlib.sirv_tl_repeater_5
Compiling module xil_defaultlib.sirv_tlwidthwidget_qspi
Compiling module xil_defaultlib.sirv_repeater_6
Compiling module xil_defaultlib.sirv_tlfragmenter_qspi_1
Compiling module xil_defaultlib.sirv_queue_1
Compiling module xil_defaultlib.sirv_qspi_fifo
Compiling module xil_defaultlib.sirv_qspi_physical
Compiling module xil_defaultlib.sirv_qspi_media
Compiling module xil_defaultlib.sirv_qspi_flashmap
Compiling module xil_defaultlib.sirv_qspi_arbiter
Compiling module xil_defaultlib.sirv_flash_qspi
Compiling module xil_defaultlib.sirv_flash_qspi_top
Compiling module xil_defaultlib.sirv_gnrl_dfflr(DW=65)
Compiling module xil_defaultlib.sirv_gnrl_cdc_tx(DW=65)
Compiling module xil_defaultlib.sirv_gnrl_dfflr(DW=33)
Compiling module xil_defaultlib.sirv_gnrl_cdc_rx(DW=33)
Compiling module xil_defaultlib.sirv_gnrl_fifo(CUT_READY=1,DP=1)
Compiling module xil_defaultlib.sirv_gnrl_icb2apb(DW=32)
Compiling module xil_defaultlib.apb_gpio(APB_ADDR_WIDTH=32)
Compiling module xil_defaultlib.uart_rx
Compiling module xil_defaultlib.uart_tx
Compiling module xil_defaultlib.io_generic_fifo(DATA_WIDTH=9,BUF...
Compiling module xil_defaultlib.io_generic_fifo(DATA_WIDTH=8,BUF...
Compiling module xil_defaultlib.uart_interrupt(TX_FIFO_DEPTH=16,...
Compiling module xil_defaultlib.apb_uart_sv(APB_ADDR_WIDTH=32)
Compiling module xil_defaultlib.spi_master_apb_if(APB_ADDR_WIDTH...
Compiling module xil_defaultlib.spi_master_fifo(BUFFER_DEPTH=10)
Compiling module xil_defaultlib.spi_master_clkgen
Compiling module xil_defaultlib.spi_master_tx
Compiling module xil_defaultlib.spi_master_rx
Compiling module xil_defaultlib.spi_master_controller
Compiling module xil_defaultlib.apb_spi_master(APB_ADDR_WIDTH=32...
Compiling module xil_defaultlib.i2c_master_bit_ctrl
Compiling module xil_defaultlib.i2c_master_byte_ctrl
Compiling module xil_defaultlib.apb_i2c(APB_ADDR_WIDTH=32)
Compiling module xil_defaultlib.adv_timer_apb_if(APB_ADDR_WIDTH=...
Compiling module xil_defaultlib.timer_cntrl
Compiling module xil_defaultlib.input_stage(EXTSIG_NUM=48)
Compiling module xil_defaultlib.prescaler
Compiling module xil_defaultlib.up_down_counter
Compiling module xil_defaultlib.comparator
Compiling module xil_defaultlib.timer_module(N_EXTSIG=48)
Compiling module xil_defaultlib.apb_adv_timer(APB_ADDR_WIDTH=32)
Compiling module xil_defaultlib.sirv_gnrl_fifo(CUT_READY=1,MSKO=...
Compiling module xil_defaultlib.sirv_gnrl_dffl(DW=50)
Compiling module xil_defaultlib.sirv_gnrl_fifo(CUT_READY=1,DP=2,...
Compiling module xil_defaultlib.sirv_gnrl_dffl(DW=37)
Compiling module xil_defaultlib.sirv_gnrl_fifo(CUT_READY=1,DP=2,...
Compiling module xil_defaultlib.sirv_gnrl_fifo(CUT_READY=1,DP=2,...
Compiling module xil_defaultlib.sirv_gnrl_axi_buffer(CHNL_FIFO_C...
Compiling module xil_defaultlib.sirv_gnrl_icb2axi(AXI_FIFO_DP=2,...
Compiling module xil_defaultlib.i2c_ov5640_rgb565_cfg
Compiling module xil_defaultlib.i2c_dri(SLAVE_ADDR=7'b0111100,CL...
Compiling module xil_defaultlib.cmos_capture_data
Compiling module xil_defaultlib.ov5640_dri
Compiling module xil_defaultlib.rgb2ycbcr
Compiling module xil_defaultlib.ddr3_rw
Compiling module unisims_ver.IDELAYCTRL_default
Compiling module xil_defaultlib.mig_7series_v4_2_iodelay_ctrl(IO...
Compiling module xil_defaultlib.mig_7series_v4_2_clk_ibuf(SYSCLK...
Compiling module unisims_ver.XADC(INIT_40=16'b01000000000000,...
Compiling module xil_defaultlib.mig_7series_v4_2_tempmon_default
Compiling module unisims_ver.PLLE2_ADV(CLKFBOUT_MULT=4,CLKIN1...
Compiling module unisims_ver.BUFG
Compiling module unisims_ver.BUFH
Compiling module unisims_ver.MMCME2_ADV(BANDWIDTH="HIGH",CLKF...
Compiling module xil_defaultlib.mig_7series_v4_2_infrastructure(...
Compiling module unisims_ver.SRLC32E_default
Compiling module xil_defaultlib.mig_7series_v4_2_rank_cntrl(DQRD...
Compiling module xil_defaultlib.mig_7series_v4_2_round_robin_arb...
Compiling module xil_defaultlib.mig_7series_v4_2_round_robin_arb...
Compiling module xil_defaultlib.mig_7series_v4_2_rank_common(MAI...
Compiling module xil_defaultlib.mig_7series_v4_2_rank_mach(CS_WI...
Compiling module xil_defaultlib.mig_7series_v4_2_bank_compare(CO...
Compiling module xil_defaultlib.mig_7series_v4_2_bank_state(DATA...
Compiling module xil_defaultlib.mig_7series_v4_2_bank_queue_defa...
Compiling module xil_defaultlib.mig_7series_v4_2_bank_cntrl(COL_...
Compiling module xil_defaultlib.mig_7series_v4_2_bank_state(DATA...
Compiling module xil_defaultlib.mig_7series_v4_2_bank_queue(ID=1...
Compiling module xil_defaultlib.mig_7series_v4_2_bank_cntrl(COL_...
Compiling module xil_defaultlib.mig_7series_v4_2_bank_state(DATA...
Compiling module xil_defaultlib.mig_7series_v4_2_bank_queue(ID=2...
Compiling module xil_defaultlib.mig_7series_v4_2_bank_cntrl(COL_...
Compiling module xil_defaultlib.mig_7series_v4_2_bank_state(DATA...
Compiling module xil_defaultlib.mig_7series_v4_2_bank_queue(ID=3...
Compiling module xil_defaultlib.mig_7series_v4_2_bank_cntrl(COL_...
Compiling module xil_defaultlib.mig_7series_v4_2_bank_common(LOW...
Compiling module xil_defaultlib.mig_7series_v4_2_round_robin_arb...
Compiling module xil_defaultlib.mig_7series_v4_2_arb_row_col(nCK...
Compiling module xil_defaultlib.mig_7series_v4_2_arb_select(CS_W...
Compiling module xil_defaultlib.mig_7series_v4_2_arb_mux(CS_WIDT...
Compiling module xil_defaultlib.mig_7series_v4_2_bank_mach(COL_W...
Compiling module unisims_ver.RAM32M
Compiling module xil_defaultlib.mig_7series_v4_2_col_mach(COL_WI...
Compiling module xil_defaultlib.mig_7series_v4_2_mc(CL=6,COL_WID...
Compiling module unisims_ver.OBUF
Compiling module unisims_ver.OBUFT
Compiling module unisims_ver.IOBUF_INTERMDISABLE(IBUF_LOW_PWR...
Compiling module unisims_ver.IOBUFDS_DIFF_OUT_INTERMDISABLE(D...
Compiling module unisims_ver.IDDR
Compiling module xil_defaultlib.mig_7series_v4_2_poc_pd_default
Compiling module xil_defaultlib.mig_7series_v4_2_ddr_of_pre_fifo...
Compiling module xil_defaultlib.mig_7series_v4_2_ddr_of_pre_fifo...
Compiling module unisims_ver.BUFIO
Compiling module xil_defaultlib.mig_7series_v4_2_ddr_if_post_fif...
Compiling module xil_defaultlib.mig_7series_v4_2_ddr_of_pre_fifo...
Compiling module unisims_ver.PHASER_IN_PHY(BURST_MODE="TRUE",...
Compiling module unisims_ver.PHASER_OUT_PHY(CLKOUT_DIV=2,DATA...
Compiling module unisims_ver.IN_FIFO
Compiling module unisims_ver.OUT_FIFO
Compiling module unisims_ver.ISERDESE2(INTERFACE_TYPE="MEMORY...
Compiling module unisims_ver.IDELAYE2(HIGH_PERFORMANCE_MODE="...
Compiling module unisims_ver.OSERDESE2(INIT_OQ=1'b1,INIT_TQ=1...
Compiling module unisims_ver.OSERDESE2(INIT_OQ=1'b1,INIT_TQ=1...
Compiling module unisims_ver.ODDR(DDR_CLK_EDGE="SAME_EDGE")
Compiling module xil_defaultlib.mig_7series_v4_2_ddr_byte_group_...
Compiling module xil_defaultlib.mig_7series_v4_2_ddr_byte_lane(A...
Compiling module xil_defaultlib.mig_7series_v4_2_ddr_byte_group_...
Compiling module xil_defaultlib.mig_7series_v4_2_ddr_byte_lane(A...
Compiling module unisims_ver.PHY_CONTROL(AO_TOGGLE=1,BURST_MO...
Compiling module unisims_ver.PHASER_REF
Compiling module xil_defaultlib.mig_7series_v4_2_ddr_phy_4lanes(...
Compiling module unisims_ver.PHASER_OUT_PHY(FINE_DELAY=60,MEM...
Compiling module unisims_ver.OUT_FIFO(ARRAY_MODE="ARRAY_MODE_...
Compiling module unisims_ver.OSERDESE2(DATA_RATE_OQ="SDR",DAT...
Compiling module xil_defaultlib.mig_7series_v4_2_ddr_byte_group_...
Compiling module xil_defaultlib.mig_7series_v4_2_ddr_byte_lane(A...
Compiling module xil_defaultlib.mig_7series_v4_2_ddr_byte_group_...
Compiling module xil_defaultlib.mig_7series_v4_2_ddr_byte_lane(A...
Compiling module xil_defaultlib.mig_7series_v4_2_ddr_byte_group_...
Compiling module unisims_ver.OBUFDS
Compiling module xil_defaultlib.mig_7series_v4_2_ddr_byte_lane(A...
Compiling module unisims_ver.PHY_CONTROL(AO_TOGGLE=1,BURST_MO...
Compiling module xil_defaultlib.mig_7series_v4_2_ddr_phy_4lanes(...
Compiling module xil_defaultlib.mig_7series_v4_2_ddr_mc_phy(BYTE...
Compiling module xil_defaultlib.mig_7series_v4_2_ddr_mc_phy_wrap...
Compiling module xil_defaultlib.mig_7series_v4_2_ddr_prbs_gen(DQ...
Compiling module xil_defaultlib.mig_7series_v4_2_ddr_phy_init(tC...
Compiling module xil_defaultlib.mig_7series_v4_2_ddr_phy_wrcal(n...
Compiling module xil_defaultlib.mig_7series_v4_2_ddr_phy_wrlvl(D...
Compiling module xil_defaultlib.mig_7series_v4_2_ddr_phy_ck_addr...
Compiling module xil_defaultlib.mig_7series_v4_2_ddr_phy_dqs_fou...
Compiling module xil_defaultlib.mig_7series_v4_2_ddr_phy_rdlvl(n...
Compiling module xil_defaultlib.mig_7series_v4_2_ddr_phy_prbs_rd...
Compiling module xil_defaultlib.mig_7series_v4_2_ddr_phy_tempmon...
Compiling module xil_defaultlib.mig_7series_v4_2_ddr_calib_top(n...
Compiling module xil_defaultlib.mig_7series_v4_2_ddr_phy_top(DDR...
Compiling module xil_defaultlib.mig_7series_v4_2_mem_intfc(DDR3_...
Compiling module xil_defaultlib.mig_7series_v4_2_ui_cmd(ADDR_WID...
Compiling module xil_defaultlib.mig_7series_v4_2_ui_wr_data(APP_...
Compiling module xil_defaultlib.mig_7series_v4_2_ui_rd_data(APP_...
Compiling module xil_defaultlib.mig_7series_v4_2_ui_top(APP_DATA...
Compiling module xil_defaultlib.mig_7series_v4_2_memc_ui_top_std...
Compiling module xil_defaultlib.mig_7series_0_mig_default
Compiling module xil_defaultlib.mig_7series_0
Compiling module fifo_generator_v13_2_5.fifo_generator_v13_2_5_sync_stag...
Compiling module fifo_generator_v13_2_5.fifo_generator_v13_2_5_bhv_ver_a...
Compiling module fifo_generator_v13_2_5.fifo_generator_v13_2_5_CONV_VER(...
Compiling module fifo_generator_v13_2_5.fifo_generator_vlog_beh(C_DATA_C...
Compiling module xil_defaultlib.rd_fifo
Compiling module xil_defaultlib.wr_fifo
Compiling module xil_defaultlib.ddr3_fifo_ctrl
Compiling module xil_defaultlib.ddr3_top
Compiling module xil_defaultlib.canchajisuan
Compiling architecture struct of entity c_shift_ram_v12_0_14.c_shift_ram_v12_0_14_legacy [\c_shift_ram_v12_0_14_legacy(c_x...]
Compiling architecture synth of entity c_shift_ram_v12_0_14.c_shift_ram_v12_0_14_viv [\c_shift_ram_v12_0_14_viv(c_xdev...]
Compiling architecture xilinx of entity c_shift_ram_v12_0_14.c_shift_ram_v12_0_14 [\c_shift_ram_v12_0_14(c_xdevicef...]
Compiling architecture c_shift_ram_0_arch of entity xil_defaultlib.c_shift_ram_0 [c_shift_ram_0_default]
Compiling module xil_defaultlib.shift_3h
Compiling module xil_defaultlib.vip_matrix_generate_3x3_1bit
Compiling module xil_defaultlib.fushi
Compiling module xil_defaultlib.pengzhang
Compiling module xil_defaultlib.biankuangjiance
Compiling module xil_defaultlib.jiabiankuang
Compiling module xil_defaultlib.vip
Compiling module xil_defaultlib.video_driver
Compiling module xil_defaultlib.asyn_rst_syn
Compiling module xil_defaultlib.dvi_encoder
Compiling module unisims_ver.OSERDESE2(DATA_RATE_TQ="SDR",DAT...
Compiling module unisims_ver.OSERDESE2(DATA_RATE_TQ="SDR",DAT...
Compiling module xil_defaultlib.serializer_10_to_1
Compiling module unisims_ver.OBUFDS(IOSTANDARD="TMDS_33")
Compiling module xil_defaultlib.dvi_transmitter_top
Compiling module xil_defaultlib.hdmi_top
Compiling module unisims_ver.MMCME2_ADV(CLKFBOUT_MULT_F=26.0,...
Compiling module xil_defaultlib.clk_wiz_0_clk_wiz
Compiling module xil_defaultlib.clk_wiz_0
Compiling module xil_defaultlib.ov5640_ddr_hdmi_default
Compiling module xil_defaultlib.sirv_expl_axi_slv
Compiling module xil_defaultlib.sirv_hclkgen_regs
Compiling module xil_defaultlib.e203_subsys_perips
Compiling module xil_defaultlib.sirv_gnrl_dffl(DW=9)
Compiling module xil_defaultlib.sirv_gnrl_pipe_stage(CUT_READY=1...
Compiling module xil_defaultlib.sirv_gnrl_icb_splt(DW=32,FIFO_OU...
Compiling module xil_defaultlib.sirv_icb1to8_bus(ICB_FIFO_DP=2,O...
Compiling module xil_defaultlib.sirv_mrom
Compiling module xil_defaultlib.sirv_mrom_top
Compiling module xil_defaultlib.sirv_gnrl_fifo(CUT_READY=1,MSKO=...
Compiling module xil_defaultlib.sirv_gnrl_icb2axi(AXI_FIFO_DP=2,...
Compiling module xil_defaultlib.e203_subsys_mems
Compiling module xil_defaultlib.e203_subsys_main
Compiling module xil_defaultlib.sirv_AsyncResetRegVec_36
Compiling module xil_defaultlib.sirv_ResetCatchAndSync
Compiling module xil_defaultlib.sirv_jtaggpioport
Compiling module xil_defaultlib.sirv_debug_csr
Compiling module xil_defaultlib.sirv_gnrl_dfflr(DW=41)
Compiling module xil_defaultlib.sirv_gnrl_cdc_tx(DW=41)
Compiling module xil_defaultlib.sirv_gnrl_dfflr(DW=36)
Compiling module xil_defaultlib.sirv_gnrl_cdc_rx(DW=36)
Compiling module xil_defaultlib.sirv_jtag_dtm_default
Compiling module xil_defaultlib.sirv_gnrl_cdc_tx(DW=36)
Compiling module xil_defaultlib.sirv_gnrl_cdc_rx(DW=41)
Compiling module xil_defaultlib.sirv_debug_rom
Compiling module xil_defaultlib.sirv_debug_ram_default
Compiling module xil_defaultlib.sirv_debug_module_default
Compiling module xil_defaultlib.sirv_gnrl_cdc_tx
Compiling module xil_defaultlib.sirv_gnrl_cdc_rx(DW=65)
Compiling module xil_defaultlib.sirv_gnrl_fifo(CUT_READY=1,DP=0,...
Compiling module xil_defaultlib.sirv_gnrl_fifo(CUT_READY=1,DP=0,...
Compiling module xil_defaultlib.sirv_gnrl_icb_buffer(AW=15,CMD_C...
Compiling module xil_defaultlib.sirv_gnrl_pipe_stage(CUT_READY=1...
Compiling module xil_defaultlib.sirv_gnrl_icb_splt(AW=15,DW=32,F...
Compiling module xil_defaultlib.sirv_icb1to2_bus(AW=15,O0_BASE_A...
Compiling module xil_defaultlib.sirv_aon_lclkgen_regs
Compiling module xil_defaultlib.sirv_AsyncResetRegVec
Compiling module xil_defaultlib.sirv_rtc
Compiling module xil_defaultlib.sirv_pmu_core
Compiling module xil_defaultlib.sirv_AsyncResetRegVec_1
Compiling module xil_defaultlib.sirv_pmu
Compiling module xil_defaultlib.sirv_wdog
Compiling module xil_defaultlib.sirv_queue
Compiling module xil_defaultlib.sirv_aon
Compiling module xil_defaultlib.sirv_DeglitchShiftRegister
Compiling module xil_defaultlib.sirv_aon_porrst
Compiling module xil_defaultlib.sirv_aon_wrapper
Compiling module xil_defaultlib.sirv_aon_top
Compiling module xil_defaultlib.e203_subsys_top
Compiling module xil_defaultlib.e203_soc_top
Compiling module xil_defaultlib.e203_tb_top
Compiling module xil_defaultlib.glbl
Built simulation snapshot e203_tb_top_behav
